{"/Users/Rabiya/Desktop/spotify-code/backend/server.js":{"path":"/Users/Rabiya/Desktop/spotify-code/backend/server.js","s":{"1":1,"2":1,"3":1,"4":1,"5":1,"6":1,"7":1,"8":1,"9":1,"10":1,"11":1,"12":1,"13":1,"14":0,"15":0,"16":1,"17":9,"18":9,"19":9,"20":9,"21":1,"22":1,"23":1,"24":1,"25":1,"26":1},"b":{"1":[1,1]},"f":{},"fnMap":{},"statementMap":{"1":{"start":{"line":1,"column":0},"end":{"line":1,"column":35}},"2":{"start":{"line":2,"column":0},"end":{"line":2,"column":29}},"3":{"start":{"line":3,"column":0},"end":{"line":3,"column":22}},"4":{"start":{"line":4,"column":0},"end":{"line":4,"column":42}},"5":{"start":{"line":5,"column":0},"end":{"line":5,"column":29}},"6":{"start":{"line":6,"column":0},"end":{"line":6,"column":39}},"7":{"start":{"line":9,"column":0},"end":{"line":9,"column":31}},"8":{"start":{"line":12,"column":0},"end":{"line":12,"column":35}},"9":{"start":{"line":15,"column":0},"end":{"line":15,"column":16}},"10":{"start":{"line":18,"column":0},"end":{"line":18,"column":67}},"11":{"start":{"line":23,"column":0},"end":{"line":23,"column":27}},"12":{"start":{"line":24,"column":0},"end":{"line":24,"column":52}},"13":{"start":{"line":28,"column":0},"end":{"line":31,"column":2}},"14":{"start":{"line":29,"column":1},"end":{"line":29,"column":53}},"15":{"start":{"line":30,"column":1},"end":{"line":30,"column":8}},"16":{"start":{"line":34,"column":0},"end":{"line":39,"column":3}},"17":{"start":{"line":35,"column":2},"end":{"line":35,"column":49}},"18":{"start":{"line":36,"column":2},"end":{"line":36,"column":95}},"19":{"start":{"line":37,"column":2},"end":{"line":37,"column":80}},"20":{"start":{"line":38,"column":2},"end":{"line":38,"column":9}},"21":{"start":{"line":45,"column":0},"end":{"line":45,"column":31}},"22":{"start":{"line":49,"column":0},"end":{"line":51,"column":3}},"23":{"start":{"line":50,"column":2},"end":{"line":50,"column":68}},"24":{"start":{"line":55,"column":0},"end":{"line":57,"column":3}},"25":{"start":{"line":56,"column":2},"end":{"line":56,"column":76}},"26":{"start":{"line":60,"column":0},"end":{"line":60,"column":21}}},"branchMap":{"1":{"line":55,"type":"binary-expr","locations":[{"start":{"line":55,"column":11},"end":{"line":55,"column":27}},{"start":{"line":55,"column":31},"end":{"line":55,"column":35}}]}}},"/Users/Rabiya/Desktop/spotify-code/backend/models/index.js":{"path":"/Users/Rabiya/Desktop/spotify-code/backend/models/index.js","s":{"1":1,"2":1,"3":1,"4":1,"5":1,"6":1,"7":1,"8":1,"9":0,"10":1,"11":0,"12":1,"13":1,"14":3,"15":1,"16":1,"17":1,"18":1,"19":1,"20":1,"21":1,"22":1},"b":{"1":[1,0],"2":[0,1],"3":[0,1],"4":[3,2,1],"5":[1,0]},"f":{"1":3,"2":1,"3":1},"fnMap":{"1":{"name":"(anonymous_1)","line":30,"loc":{"start":{"line":30,"column":10},"end":{"line":30,"column":25}}},"2":{"name":"(anonymous_2)","line":33,"loc":{"start":{"line":33,"column":11},"end":{"line":33,"column":26}}},"3":{"name":"(anonymous_3)","line":38,"loc":{"start":{"line":38,"column":24},"end":{"line":38,"column":44}}}},"statementMap":{"1":{"start":{"line":3,"column":0},"end":{"line":3,"column":30}},"2":{"start":{"line":4,"column":0},"end":{"line":4,"column":32}},"3":{"start":{"line":5,"column":0},"end":{"line":5,"column":37}},"4":{"start":{"line":6,"column":0},"end":{"line":6,"column":47}},"5":{"start":{"line":8,"column":0},"end":{"line":8,"column":54},"skip":true},"6":{"start":{"line":9,"column":0},"end":{"line":9,"column":67}},"7":{"start":{"line":10,"column":0},"end":{"line":10,"column":19}},"8":{"start":{"line":12,"column":0},"end":{"line":26,"column":1}},"9":{"start":{"line":14,"column":2},"end":{"line":19,"column":3},"skip":true},"10":{"start":{"line":20,"column":7},"end":{"line":26,"column":1}},"11":{"start":{"line":22,"column":2},"end":{"line":22,"column":70},"skip":true},"12":{"start":{"line":24,"column":2},"end":{"line":25,"column":4}},"13":{"start":{"line":28,"column":0},"end":{"line":36,"column":5}},"14":{"start":{"line":31,"column":4},"end":{"line":31,"column":90}},"15":{"start":{"line":34,"column":4},"end":{"line":34,"column":64}},"16":{"start":{"line":35,"column":4},"end":{"line":35,"column":27}},"17":{"start":{"line":38,"column":0},"end":{"line":43,"column":3}},"18":{"start":{"line":40,"column":2},"end":{"line":42,"column":3},"skip":true},"19":{"start":{"line":41,"column":4},"end":{"line":41,"column":32},"skip":true},"20":{"start":{"line":45,"column":0},"end":{"line":45,"column":25}},"21":{"start":{"line":46,"column":0},"end":{"line":46,"column":25}},"22":{"start":{"line":48,"column":0},"end":{"line":48,"column":20}}},"branchMap":{"1":{"line":8,"type":"binary-expr","locations":[{"start":{"line":8,"column":16},"end":{"line":8,"column":36},"skip":true},{"start":{"line":8,"column":40},"end":{"line":8,"column":53},"skip":true}]},"2":{"line":12,"type":"if","locations":[{"start":{"line":12,"column":0},"end":{"line":12,"column":0}},{"start":{"line":12,"column":0},"end":{"line":12,"column":0}}]},"3":{"line":20,"type":"if","locations":[{"start":{"line":20,"column":7},"end":{"line":20,"column":7}},{"start":{"line":20,"column":7},"end":{"line":20,"column":7}}]},"4":{"line":31,"type":"binary-expr","locations":[{"start":{"line":31,"column":12},"end":{"line":31,"column":35}},{"start":{"line":31,"column":41},"end":{"line":31,"column":58}},{"start":{"line":31,"column":64},"end":{"line":31,"column":88}}]},"5":{"line":40,"type":"if","locations":[{"start":{"line":40,"column":2},"end":{"line":40,"column":2},"skip":true},{"start":{"line":40,"column":2},"end":{"line":40,"column":2},"skip":true}]}}},"/Users/Rabiya/Desktop/spotify-code/backend/models/entry.js":{"path":"/Users/Rabiya/Desktop/spotify-code/backend/models/entry.js","s":{"1":1,"2":1,"3":1},"b":{},"f":{"1":1,"2":1},"fnMap":{"1":{"name":"(anonymous_1)","line":2,"loc":{"start":{"line":2,"column":17},"end":{"line":2,"column":48}}},"2":{"name":"(anonymous_2)","line":8,"loc":{"start":{"line":8,"column":17},"end":{"line":8,"column":34}}}},"statementMap":{"1":{"start":{"line":2,"column":0},"end":{"line":14,"column":2}},"2":{"start":{"line":3,"column":2},"end":{"line":12,"column":5}},"3":{"start":{"line":13,"column":2},"end":{"line":13,"column":15}}},"branchMap":{}},"/Users/Rabiya/Desktop/spotify-code/backend/routes.js":{"path":"/Users/Rabiya/Desktop/spotify-code/backend/routes.js","s":{"1":1,"2":1,"3":1,"4":1,"5":1,"6":1,"7":1,"8":0,"9":4,"10":4,"11":0,"12":1,"13":1,"14":0,"15":1,"16":0,"17":1,"18":1,"19":1,"20":0,"21":1,"22":1,"23":1,"24":0,"25":1},"b":{},"f":{},"fnMap":{},"statementMap":{"1":{"start":{"line":2,"column":0},"end":{"line":2,"column":35}},"2":{"start":{"line":5,"column":0},"end":{"line":5,"column":32}},"3":{"start":{"line":8,"column":0},"end":{"line":8,"column":40}},"4":{"start":{"line":9,"column":0},"end":{"line":9,"column":35}},"5":{"start":{"line":13,"column":0},"end":{"line":62,"column":3}},"6":{"start":{"line":15,"column":2},"end":{"line":24,"column":4}},"7":{"start":{"line":20,"column":3},"end":{"line":20,"column":18}},"8":{"start":{"line":23,"column":3},"end":{"line":23,"column":32}},"9":{"start":{"line":29,"column":2},"end":{"line":37,"column":4}},"10":{"start":{"line":33,"column":3},"end":{"line":33,"column":17}},"11":{"start":{"line":36,"column":3},"end":{"line":36,"column":32}},"12":{"start":{"line":41,"column":2},"end":{"line":61,"column":4}},"13":{"start":{"line":47,"column":4},"end":{"line":54,"column":8}},"14":{"start":{"line":48,"column":9},"end":{"line":53,"column":12}},"15":{"start":{"line":57,"column":3},"end":{"line":57,"column":19}},"16":{"start":{"line":60,"column":3},"end":{"line":60,"column":32}},"17":{"start":{"line":64,"column":0},"end":{"line":86,"column":3}},"18":{"start":{"line":66,"column":4},"end":{"line":72,"column":7}},"19":{"start":{"line":68,"column":4},"end":{"line":68,"column":19}},"20":{"start":{"line":71,"column":6},"end":{"line":71,"column":35}},"21":{"start":{"line":76,"column":2},"end":{"line":85,"column":4}},"22":{"start":{"line":78,"column":3},"end":{"line":78,"column":19}},"23":{"start":{"line":81,"column":3},"end":{"line":81,"column":17}},"24":{"start":{"line":84,"column":3},"end":{"line":84,"column":33}},"25":{"start":{"line":88,"column":0},"end":{"line":88,"column":24}}},"branchMap":{}}}