TN:
SF:/Users/Rabiya/Desktop/spotify-code/backend/server.js
FNF:0
FNH:0
DA:1,1
DA:2,1
DA:3,1
DA:4,1
DA:5,1
DA:6,1
DA:9,1
DA:12,1
DA:15,1
DA:18,1
DA:23,1
DA:24,1
DA:28,1
DA:29,0
DA:30,0
DA:34,1
DA:35,9
DA:36,9
DA:37,9
DA:38,9
DA:45,1
DA:49,1
DA:50,1
DA:55,1
DA:56,1
DA:60,1
LF:26
LH:24
BRDA:55,1,0,1
BRDA:55,1,1,1
BRF:2
BRH:2
end_of_record
TN:
SF:/Users/Rabiya/Desktop/spotify-code/backend/models/index.js
FN:30,(anonymous_1)
FN:33,(anonymous_2)
FN:38,(anonymous_3)
FNF:3
FNH:3
FNDA:3,(anonymous_1)
FNDA:1,(anonymous_2)
FNDA:1,(anonymous_3)
DA:3,1
DA:4,1
DA:5,1
DA:6,1
DA:8,1
DA:9,1
DA:10,1
DA:12,1
DA:14,1
DA:20,1
DA:22,1
DA:24,1
DA:28,1
DA:31,3
DA:34,1
DA:35,1
DA:38,1
DA:40,1
DA:41,1
DA:45,1
DA:46,1
DA:48,1
LF:22
LH:22
BRDA:8,1,0,1
BRDA:8,1,1,0
BRDA:12,2,0,0
BRDA:12,2,1,1
BRDA:20,3,0,0
BRDA:20,3,1,1
BRDA:31,4,0,3
BRDA:31,4,1,2
BRDA:31,4,2,1
BRDA:40,5,0,1
BRDA:40,5,1,0
BRF:11
BRH:9
end_of_record
TN:
SF:/Users/Rabiya/Desktop/spotify-code/backend/models/entry.js
FN:2,(anonymous_1)
FN:8,(anonymous_2)
FNF:2
FNH:2
FNDA:1,(anonymous_1)
FNDA:1,(anonymous_2)
DA:2,1
DA:3,1
DA:13,1
LF:3
LH:3
BRF:0
BRH:0
end_of_record
TN:
SF:/Users/Rabiya/Desktop/spotify-code/backend/routes.js
FNF:0
FNH:0
DA:2,1
DA:5,1
DA:8,1
DA:9,1
DA:13,1
DA:15,1
DA:20,1
DA:23,0
DA:29,4
DA:33,4
DA:36,0
DA:41,1
DA:47,1
DA:48,0
DA:57,1
DA:60,0
DA:64,1
DA:66,1
DA:68,1
DA:71,0
DA:76,1
DA:78,1
DA:81,1
DA:84,0
DA:88,1
LF:25
LH:19
BRF:0
BRH:0
end_of_record
